<?xml version="1.0" encoding="UTF-8"?>
<!-- Generated by org.testng.reporters.JUnitReportReporter -->
<testsuite skipped="1" hostname="DESKTOP-RUAD0RO" name="com.magento.testCases.MobileTest" tests="2" failures="0" timestamp="18 Dec 2021 19:42:42 GMT" time="16.505" errors="0">
  <testcase name="test_001" time="16.505" classname="com.magento.testCases.MobileTest"/>
  <testcase name="dataDriven_002" classname="com.magento.testCases.MobileTest">
    <skipped/>
  </testcase> <!-- dataDriven_002 -->
</testsuite> <!-- com.magento.testCases.MobileTest -->
